<?xml version="1.0" encoding="UTF-8"?>
<!-- Generated by org.testng.reporters.JUnitReportReporter -->
<testsuite skipped="0" hostname="IB-Pune-PC-077" name="test.api.automation.TC_003_PatchMethod" tests="1" failures="0" timestamp="22 Jan 2019 10:50:57 GMT" time="1.145" errors="0">
  <testcase name="updateResourcewithPatch" time="1.145" classname="test.api.automation.TC_003_PatchMethod"/>
</testsuite> <!-- test.api.automation.TC_003_PatchMethod -->
