<?xml version="1.0" encoding="UTF-8"?>
<!-- Generated by org.testng.reporters.JUnitReportReporter -->
<testsuite skipped="0" hostname="IB-Pune-PC-077" name="test.api.automation.TC_002_Update" tests="1" failures="0" timestamp="23 Jan 2019 10:36:14 GMT" time="1.384" errors="0">
  <testcase name="updateResource" time="1.384" classname="test.api.automation.TC_002_Update"/>
</testsuite> <!-- test.api.automation.TC_002_Update -->
