<?xml version="1.0" encoding="UTF-8"?>
<!-- Generated by org.testng.reporters.JUnitReportReporter -->
<testsuite skipped="0" hostname="IB-Pune-PC-077" name="test.api.automation.TC_004_DeleteData" tests="1" failures="0" timestamp="23 Jan 2019 10:36:51 GMT" time="1.079" errors="0">
  <testcase name="deleteData" time="1.079" classname="test.api.automation.TC_004_DeleteData"/>
</testsuite> <!-- test.api.automation.TC_004_DeleteData -->
