<?xml version="1.0" encoding="UTF-8"?>
<!-- Generated by org.testng.reporters.JUnitReportReporter -->
<testsuite skipped="0" hostname="IB-Pune-PC-077" name="test.api.automation.TC_SimpleGet" tests="1" failures="0" timestamp="23 Jan 2019 10:26:10 GMT" time="2.027" errors="0">
  <testcase name="tc_001_getMethod_validation" time="2.027" classname="test.api.automation.TC_SimpleGet"/>
</testsuite> <!-- test.api.automation.TC_SimpleGet -->
