<?xml version="1.0" encoding="UTF-8"?>
<!-- Generated by org.testng.reporters.JUnitReportReporter -->
<testsuite skipped="0" hostname="IB-Pune-PC-077" name="test.twitter.api.automation.DeleteTweets" tests="1" failures="0" timestamp="28 Jan 2019 06:56:12 GMT" time="3.408" errors="0">
  <testcase name="E2E" time="3.408" classname="test.twitter.api.automation.DeleteTweets"/>
</testsuite> <!-- test.twitter.api.automation.DeleteTweets -->
