<?xml version="1.0" encoding="UTF-8"?>
<!-- Generated by org.testng.reporters.JUnitReportReporter -->
<testsuite skipped="0" hostname="IB-Pune-PC-077" name="test.twitter.api.automation.GetTweets" tests="1" failures="0" timestamp="28 Jan 2019 06:55:19 GMT" time="4.345" errors="0">
  <testcase name="getLatestTweet" time="4.345" classname="test.twitter.api.automation.GetTweets"/>
</testsuite> <!-- test.twitter.api.automation.GetTweets -->
