<?xml version="1.0" encoding="UTF-8"?>
<!-- Generated by org.testng.reporters.JUnitReportReporter -->
<testsuite skipped="0" hostname="IB-Pune-PC-077" name="test.twitter.api.automation.PostTweets" tests="1" failures="0" timestamp="28 Jan 2019 06:45:04 GMT" time="12.261" errors="0">
  <testcase name="createTweet" time="12.261" classname="test.twitter.api.automation.PostTweets"/>
</testsuite> <!-- test.twitter.api.automation.PostTweets -->
