<?xml version="1.0" encoding="UTF-8"?>
<!-- Generated by org.testng.reporters.JUnitReportReporter -->
<testsuite skipped="0" hostname="IB-Pune-PC-077" name="test.api.automation.GoogleApiForGETRequest" tests="1" failures="0" timestamp="28 Feb 2019 11:25:34 GMT" time="4.137" errors="0">
  <testcase name="tc_001_getMethod_googleApi" time="4.137" classname="test.api.automation.GoogleApiForGETRequest"/>
</testsuite> <!-- test.api.automation.GoogleApiForGETRequest -->
